<?xml version="1.0" encoding="UTF-8"?>
<!-- Generated by org.testng.reporters.JUnitXMLReporter -->
<testsuite ignored="0" hostname="Yasmines-MacBook-Air.local" failures="0" tests="2" name="Default test" time="50.25" errors="0" timestamp="2022-07-22T15:24:48 EET">
  <testcase classname="Tests.RegisterScreen" name="CheckThatRegiserationFormAppearsSucessfully" time="9.2"/>
  <testcase classname="Tests.RegisterScreen" name="CheckThatRegisterationOfFacebookAccountiscreatedSucessfully" time="30.67"/>
</testsuite> <!-- Default test -->
