<?xml version="1.0" encoding="UTF-8"?>
<!-- Generated by org.testng.reporters.JUnitXMLReporter -->
<testsuite ignored="0" hostname="Yasmines-MacBook-Air.local" failures="0" tests="2" name="Default test" time="41.405" errors="0" timestamp="2022-07-03T14:57:57 EET">
  <testcase classname="Tests.RegisterScreen" name="CheckThatRegiserationFormAppearsSucessfully" time="4.797"/>
  <testcase classname="Tests.RegisterScreen" name="CheckThatRegisterationOfFacebookAccountiscreatedSucessfully" time="23.881"/>
</testsuite> <!-- Default test -->
